<?xml version="1.0" encoding="UTF-8"?>
<testsuites name="TS_Cura Health Services" time="8.777" tests="1" failures="0" errors="0">
   <testsuite name="TS_Cura Health Services" tests="1" failures="0" errors="0" time="8.777" skipped="0" timestamp="2025-07-29T10:15:09.457Z" hostname="sashidharmudigonda - 192.168.1.8" id="Test Suites/TS_Cura Health Services">
      <properties>
         <property name="deviceName" value=""/>
         <property name="devicePlatform"/>
         <property name="logFolder" value="/Users/sashidharmudigonda/Documents/Katalon Projects/SashiDemo1/Reports/20250729_154507/TS_Cura Health Services/20250729_154507"/>
         <property name="logFiles" value="/Users/sashidharmudigonda/Documents/Katalon Projects/SashiDemo1/Reports/20250729_154507/TS_Cura Health Services/20250729_154507/execution0.log, /Users/sashidharmudigonda/Documents/Katalon Projects/SashiDemo1/Reports/20250729_154507/TS_Cura Health Services/20250729_154507/console0.log"/>
         <property name="attachments" value=""/>
         <property name="hostName" value="sashidharmudigonda - 192.168.1.8"/>
         <property name="os" value="Mac OS X 64bit"/>
         <property name="katalonVersion" value="10.2.3.0"/>
         <property name="browser" value="Chrome 138.0.7204.169"/>
         <property name="userFullName" value="Sashidhar Sashi Mudigonda"/>
         <property name="hostAddress" value="192.168.1.8"/>
         <property name="sessionId" value="519fff4db1308084541907348cd8accc"/>
         <property name="projectName" value="SashiDemo1"/>
         <property name="seleniumVersion" value="4.28.1"/>
         <property name="proxyInformation" value="ProxyInformation { proxyOption=NO_PROXY, proxyServerType=HTTP, username=, password=********, proxyServerAddress=, proxyServerPort=0, executionList=&quot;&quot;, isApplyToDesiredCapabilities=true }"/>
         <property name="platform" value="Mac OS X"/>
      </properties>
      <testcase name="Test Cases/Cura Health Services/TC_Cura Health Service - Login" time="8.624" classname="Test Cases/Cura Health Services/TC_Cura Health Service - Login" status="PASSED">
         <system-out><![CDATA[29-07-2025T15:45:09 - [TEST_CASE][PASSED] - Test Cases/Cura Health Services/TC_Cura Health Service - Login: Test Cases/Cura Health Services/TC_Cura Health Service - Login

29-07-2025T15:45:09 - [TEST_STEP][PASSED] - Start listener action : enableSauceLabs: [SAUCELABS] Saucelabs Plugin will not attempt to auto update job status and information !

29-07-2025T15:45:09 - [MESSAGE][INFO] - [SAUCELABS] Current run configuration: Chrome (headless)

29-07-2025T15:45:09 - [MESSAGE][INFO] - [SAUCELABS] Saucelabs Plugin will not attempt to auto update job status and information !

29-07-2025T15:45:09 - [TEST_STEP][PASSED] - openBrowser(""): Browser is opened with url: ''

29-07-2025T15:45:09 - [MESSAGE][INFO] - Starting 'Chrome (headless)' driver

29-07-2025T15:45:09 - [MESSAGE][INFO] - Action delay is set to 0 milliseconds

29-07-2025T15:45:11 - [MESSAGE][PASSED] - Browser is opened with url: ''

29-07-2025T15:45:11 - [TEST_STEP][PASSED] - navigateToUrl("https://katalon-demo-cura.herokuapp.com/"): Navigate to 'https://katalon-demo-cura.herokuapp.com/' successfully

29-07-2025T15:45:14 - [MESSAGE][PASSED] - Navigate to 'https://katalon-demo-cura.herokuapp.com/' successfully

29-07-2025T15:45:14 - [TEST_STEP][PASSED] - switchToWindowTitle("CURA Healthcare Service"): Switched to window with title: 'CURA Healthcare Service'

29-07-2025T15:45:14 - [MESSAGE][PASSED] - Switched to window with title: 'CURA Healthcare Service'

29-07-2025T15:45:14 - [TEST_STEP][PASSED] - verifyElementText(findTestObject("Object Repository/Page_CURA Healthcare Service/h1_CURA Healthcare Service"), "CURA Healthcare Service"): Actual text and expected text of test object 'Object Repository/Page_CURA Healthcare Service/h1_CURA Healthcare Service' are matched.

29-07-2025T15:45:15 - [MESSAGE][PASSED] - Actual text and expected text of test object 'Object Repository/Page_CURA Healthcare Service/h1_CURA Healthcare Service' are matched.

29-07-2025T15:45:15 - [TEST_STEP][PASSED] - verifyElementText(findTestObject("Object Repository/Page_CURA Healthcare Service/a_Make Appointment"), "Make Appointment"): Actual text and expected text of test object 'Object Repository/Page_CURA Healthcare Service/a_Make Appointment' are matched.

29-07-2025T15:45:15 - [MESSAGE][PASSED] - Actual text and expected text of test object 'Object Repository/Page_CURA Healthcare Service/a_Make Appointment' are matched.

29-07-2025T15:45:15 - [TEST_STEP][PASSED] - click(findTestObject("Object Repository/Page_CURA Healthcare Service/a_Make Appointment")): Object: 'Object Repository/Page_CURA Healthcare Service/a_Make Appointment' is clicked on

29-07-2025T15:45:15 - [MESSAGE][PASSED] - Object: 'Object Repository/Page_CURA Healthcare Service/a_Make Appointment' is clicked on

29-07-2025T15:45:15 - [TEST_STEP][PASSED] - verifyElementText(findTestObject("Object Repository/Page_CURA Healthcare Service/h2_Login"), "Login"): Actual text and expected text of test object 'Object Repository/Page_CURA Healthcare Service/h2_Login' are matched.

29-07-2025T15:45:16 - [MESSAGE][PASSED] - Actual text and expected text of test object 'Object Repository/Page_CURA Healthcare Service/h2_Login' are matched.

29-07-2025T15:45:16 - [TEST_STEP][PASSED] - setText(findTestObject("Object Repository/Page_CURA Healthcare Service/input_Username_username"), "John Doe"): Text 'John Doe' is set on object 'Object Repository/Page_CURA Healthcare Service/input_Username_username'

29-07-2025T15:45:16 - [MESSAGE][PASSED] - Text 'John Doe' is set on object 'Object Repository/Page_CURA Healthcare Service/input_Username_username'

29-07-2025T15:45:16 - [TEST_STEP][PASSED] - setEncryptedText(findTestObject("Object Repository/Page_CURA Healthcare Service/input_Password_password"), "g3/DOGG74jC3Flrr3yH+3D/yKbOqqUNM"): Text ****** has been set on object 'Object Repository/Page_CURA Healthcare Service/input_Password_password'

29-07-2025T15:45:17 - [MESSAGE][PASSED] - Text ****** has been set on object 'Object Repository/Page_CURA Healthcare Service/input_Password_password'

29-07-2025T15:45:17 - [TEST_STEP][PASSED] - click(findTestObject("Object Repository/Page_CURA Healthcare Service/button_Login")): Object: 'Object Repository/Page_CURA Healthcare Service/button_Login' is clicked on

29-07-2025T15:45:18 - [MESSAGE][PASSED] - Object: 'Object Repository/Page_CURA Healthcare Service/button_Login' is clicked on

29-07-2025T15:45:18 - [TEST_STEP][PASSED] - closeBrowser(): Browser is closed

29-07-2025T15:45:18 - [MESSAGE][PASSED] - Browser is closed

29-07-2025T15:45:18 - [TEST_STEP][PASSED] - Start listener action : autoUpdateJobStatus: [SAUCELABS] Current run configuration: Chrome (headless)

29-07-2025T15:45:18 - [MESSAGE][INFO] - [SAUCELABS] Current run configuration: Chrome (headless)]]></system-out>
         <system-err><![CDATA[]]></system-err>
      </testcase>
      <system-out><![CDATA[29-07-2025T15:45:09 - [TEST_SUITE][PASSED] - TS_Cura Health Services: null]]></system-out>
      <system-err><![CDATA[]]></system-err>
   </testsuite>
</testsuites>
